
scontrol show job 14741242
JobId=14741242 JobName=bash
   UserId=raghavs(3148167) GroupId=mmosmond(6059790) MCS_label=N/A
   Priority=1347932 Nice=0 Account=def-mmosmond QOS=normal
   JobState=COMPLETING Reason=RaisedSignal:9(Killed) Dependency=(null)
   Requeue=0 Restarts=0 BatchFlag=0 Reboot=0 ExitCode=0:9
   RunTime=00:01:25 TimeLimit=01:30:00 TimeMin=N/A
   SubmitTime=2025-06-25T15:41:43 EligibleTime=2025-06-25T15:41:43
   AccrueTime=2025-06-25T15:41:43
   StartTime=2025-06-25T15:43:34 EndTime=2025-06-25T15:44:59 Deadline=N/A
   SuspendTime=None SecsPreSuspend=0 LastSchedEval=2025-06-25T15:43:34 Scheduler=Main
   Partition=compute AllocNode:Sid=nia-login01:211112
   ReqNodeList=(null) ExcNodeList=(null)
   NodeList=nia0112
   BatchHost=nia0112
   NumNodes=1 NumCPUs=80 NumTasks=1 CPUs/Task=1 ReqB:S:C:T=0:0:*:*
   ReqTRES=cpu=1,mem=4G,node=1
   AllocTRES=cpu=80,mem=4G,node=1,billing=40
   Socks/Node=* NtasksPerN:B:S:C=0:0:*:* CoreSpec=*
   MinCPUsNode=1 MinMemoryNode=4G MinTmpDiskNode=0
   Features=(null) DelayBoot=00:00:00
   OverSubscribe=NO Contiguous=0 Licenses=(null) Network=(null)
   Command=bash
   WorkDir=/gpfs/fs0/scratch/m/mmosmond/raghavs/spacetrees
   TresPerTask=cpu=1
   

sacct -j 14741242
JobID           JobName    Account    Elapsed  MaxVMSize     MaxRSS  SystemCPU    UserCPU ExitCode 
------------ ---------- ---------- ---------- ---------- ---------- ---------- ---------- -------- 
14741242           bash def-mmosm+   00:01:26                         00:00:00   00:00:00      0:0 
14741242.ex+     extern def-mmosm+   00:01:26                         00:00:00   00:00:00      0:0 
14741242.0         bash def-mmosm+   00:01:24                         00:00:00   00:00:00      0:0 
